<?xml version="1.0" encoding="UTF-8"?>
<testng-results skipped="0" failed="1" ignored="4" total="6" passed="1">
  <reporter-output>
  </reporter-output>
  <suite name="Suite" duration-ms="160744" started-at="2020-09-02T16:27:27Z" finished-at="2020-09-02T16:30:07Z">
    <groups>
    </groups>
    <test name="chromeBrowser" duration-ms="160744" started-at="2020-09-02T16:27:27Z" finished-at="2020-09-02T16:30:07Z">
      <class name="com.SwitchED.TestCases.TC_03_StudentSignIn">
        <test-method status="PASS" signature="reportSetup()[pri:0, instance:com.SwitchED.TestCases.TC_03_StudentSignIn@cc43f62]" name="reportSetup" is-config="true" duration-ms="569" started-at="2020-09-02T16:27:26Z" finished-at="2020-09-02T16:27:27Z">
          <reporter-output>
          </reporter-output>
        </test-method> <!-- reportSetup -->
        <test-method status="PASS" signature="browserSetup(java.lang.String)[pri:0, instance:com.SwitchED.TestCases.TC_03_StudentSignIn@cc43f62]" name="browserSetup" is-config="true" duration-ms="48483" started-at="2020-09-02T16:27:27Z" finished-at="2020-09-02T16:28:15Z">
          <params>
            <param index="0">
              <value>
                <![CDATA[chrome]]>
              </value>
            </param>
          </params>
          <reporter-output>
          </reporter-output>
        </test-method> <!-- browserSetup -->
        <test-method status="PASS" signature="SignInFunctionality()[pri:6, instance:com.SwitchED.TestCases.TC_03_StudentSignIn@cc43f62]" name="SignInFunctionality" duration-ms="17994" started-at="2020-09-02T16:28:15Z" finished-at="2020-09-02T16:28:33Z">
          <reporter-output>
          </reporter-output>
        </test-method> <!-- SignInFunctionality -->
        <test-method status="PASS" signature="getITestReults(org.testng.ITestResult)[pri:0, instance:com.SwitchED.TestCases.TC_03_StudentSignIn@cc43f62]" name="getITestReults" is-config="true" duration-ms="4" started-at="2020-09-02T16:28:33Z" finished-at="2020-09-02T16:28:33Z">
          <params>
            <param index="0">
              <value>
                <![CDATA[[TestResult name=SignInFunctionality status=SUCCESS method=TC_03_StudentSignIn.SignInFunctionality()[pri:6, instance:com.SwitchED.TestCases.TC_03_StudentSignIn@cc43f62] output={null}]]]>
              </value>
            </param>
          </params>
          <reporter-output>
          </reporter-output>
        </test-method> <!-- getITestReults -->
        <test-method status="PASS" signature="browserEnd()[pri:0, instance:com.SwitchED.TestCases.TC_03_StudentSignIn@cc43f62]" name="browserEnd" is-config="true" duration-ms="0" started-at="2020-09-02T16:30:07Z" finished-at="2020-09-02T16:30:07Z">
          <reporter-output>
          </reporter-output>
        </test-method> <!-- browserEnd -->
        <test-method status="PASS" signature="reportEnd()[pri:0, instance:com.SwitchED.TestCases.TC_03_StudentSignIn@cc43f62]" name="reportEnd" is-config="true" duration-ms="1401" started-at="2020-09-02T16:30:07Z" finished-at="2020-09-02T16:30:09Z">
          <reporter-output>
          </reporter-output>
        </test-method> <!-- reportEnd -->
      </class> <!-- com.SwitchED.TestCases.TC_03_StudentSignIn -->
      <class name="com.SwitchED.TestCases.TC_04_ClassEnrol">
        <test-method status="FAIL" signature="enrolClass()[pri:7, instance:com.SwitchED.TestCases.TC_04_ClassEnrol@5b218417]" name="enrolClass" duration-ms="93359" started-at="2020-09-02T16:28:33Z" finished-at="2020-09-02T16:30:06Z">
          <exception class="org.openqa.selenium.NoSuchElementException">
            <message>
              <![CDATA[no such element: Unable to locate element: {"method":"css selector","selector":"#contact"}
  (Session info: chrome=85.0.4183.83)
For documentation on this error, please visit: https://www.seleniumhq.org/exceptions/no_such_element.html
Build info: version: '3.141.59', revision: 'e82be7d358', time: '2018-11-14T08:17:03'
System info: host: 'HP', ip: '192.168.43.178', os.name: 'Windows 10', os.arch: 'amd64', os.version: '10.0', java.version: '1.8.0_231'
Driver info: org.openqa.selenium.chrome.ChromeDriver
Capabilities {acceptInsecureCerts: false, browserName: chrome, browserVersion: 85.0.4183.83, chrome: {chromedriverVersion: 85.0.4183.87 (cd6713ebf92fa..., userDataDir: C:\Users\SANTHO~1\AppData\L...}, goog:chromeOptions: {debuggerAddress: localhost:64486}, javascriptEnabled: true, networkConnectionEnabled: false, pageLoadStrategy: normal, platform: WINDOWS, platformName: WINDOWS, proxy: Proxy(), setWindowRect: true, strictFileInteractability: false, timeouts: {implicit: 0, pageLoad: 300000, script: 30000}, unhandledPromptBehavior: dismiss and notify, webauthn:virtualAuthenticators: true}
Session ID: 3221d18733c2f7efa474e2e884bab22a
*** Element info: {Using=id, value=contact}]]>
            </message>
            <full-stacktrace>
              <![CDATA[org.openqa.selenium.NoSuchElementException: no such element: Unable to locate element: {"method":"css selector","selector":"#contact"}
  (Session info: chrome=85.0.4183.83)
For documentation on this error, please visit: https://www.seleniumhq.org/exceptions/no_such_element.html
Build info: version: '3.141.59', revision: 'e82be7d358', time: '2018-11-14T08:17:03'
System info: host: 'HP', ip: '192.168.43.178', os.name: 'Windows 10', os.arch: 'amd64', os.version: '10.0', java.version: '1.8.0_231'
Driver info: org.openqa.selenium.chrome.ChromeDriver
Capabilities {acceptInsecureCerts: false, browserName: chrome, browserVersion: 85.0.4183.83, chrome: {chromedriverVersion: 85.0.4183.87 (cd6713ebf92fa..., userDataDir: C:\Users\SANTHO~1\AppData\L...}, goog:chromeOptions: {debuggerAddress: localhost:64486}, javascriptEnabled: true, networkConnectionEnabled: false, pageLoadStrategy: normal, platform: WINDOWS, platformName: WINDOWS, proxy: Proxy(), setWindowRect: true, strictFileInteractability: false, timeouts: {implicit: 0, pageLoad: 300000, script: 30000}, unhandledPromptBehavior: dismiss and notify, webauthn:virtualAuthenticators: true}
Session ID: 3221d18733c2f7efa474e2e884bab22a
*** Element info: {Using=id, value=contact}
at sun.reflect.NativeConstructorAccessorImpl.newInstance0(Native Method)
at sun.reflect.NativeConstructorAccessorImpl.newInstance(NativeConstructorAccessorImpl.java:62)
at sun.reflect.DelegatingConstructorAccessorImpl.newInstance(DelegatingConstructorAccessorImpl.java:45)
at java.lang.reflect.Constructor.newInstance(Constructor.java:423)
at org.openqa.selenium.remote.http.W3CHttpResponseCodec.createException(W3CHttpResponseCodec.java:187)
at org.openqa.selenium.remote.http.W3CHttpResponseCodec.decode(W3CHttpResponseCodec.java:122)
at org.openqa.selenium.remote.http.W3CHttpResponseCodec.decode(W3CHttpResponseCodec.java:49)
at org.openqa.selenium.remote.HttpCommandExecutor.execute(HttpCommandExecutor.java:158)
at org.openqa.selenium.remote.service.DriverCommandExecutor.execute(DriverCommandExecutor.java:83)
at org.openqa.selenium.remote.RemoteWebDriver.execute(RemoteWebDriver.java:552)
at org.openqa.selenium.remote.RemoteWebDriver.findElement(RemoteWebDriver.java:323)
at org.openqa.selenium.remote.RemoteWebDriver.findElementById(RemoteWebDriver.java:372)
at org.openqa.selenium.By$ById.findElement(By.java:188)
at org.openqa.selenium.remote.RemoteWebDriver.findElement(RemoteWebDriver.java:315)
at org.openqa.selenium.support.pagefactory.DefaultElementLocator.findElement(DefaultElementLocator.java:69)
at org.openqa.selenium.support.pagefactory.internal.LocatingElementHandler.invoke(LocatingElementHandler.java:38)
at com.sun.proxy.$Proxy30.clear(Unknown Source)
at com.SwitchED.PageObjects.RazorPay.enterPhoneNumber(RazorPay.java:42)
at com.SwitchED.TestCases.TC_04_ClassEnrol.enrolClass(TC_04_ClassEnrol.java:39)
at sun.reflect.NativeMethodAccessorImpl.invoke0(Native Method)
at sun.reflect.NativeMethodAccessorImpl.invoke(NativeMethodAccessorImpl.java:62)
at sun.reflect.DelegatingMethodAccessorImpl.invoke(DelegatingMethodAccessorImpl.java:43)
at java.lang.reflect.Method.invoke(Method.java:498)
at org.testng.internal.MethodInvocationHelper.invokeMethod(MethodInvocationHelper.java:124)
at org.testng.internal.Invoker.invokeMethod(Invoker.java:583)
at org.testng.internal.Invoker.invokeTestMethod(Invoker.java:719)
at org.testng.internal.Invoker.invokeTestMethods(Invoker.java:989)
at org.testng.internal.TestMethodWorker.invokeTestMethods(TestMethodWorker.java:125)
at org.testng.internal.TestMethodWorker.run(TestMethodWorker.java:109)
at org.testng.TestRunner.privateRun(TestRunner.java:648)
at org.testng.TestRunner.run(TestRunner.java:505)
at org.testng.SuiteRunner.runTest(SuiteRunner.java:455)
at org.testng.SuiteRunner.access$000(SuiteRunner.java:40)
at org.testng.SuiteRunner$SuiteWorker.run(SuiteRunner.java:489)
at org.testng.internal.thread.ThreadUtil$1.call(ThreadUtil.java:52)
at java.util.concurrent.FutureTask.run(FutureTask.java:266)
at java.util.concurrent.ThreadPoolExecutor.runWorker(ThreadPoolExecutor.java:1149)
at java.util.concurrent.ThreadPoolExecutor$Worker.run(ThreadPoolExecutor.java:624)
at java.lang.Thread.run(Thread.java:748)
]]>
            </full-stacktrace>
          </exception> <!-- org.openqa.selenium.NoSuchElementException -->
          <reporter-output>
          </reporter-output>
        </test-method> <!-- enrolClass -->
        <test-method status="PASS" signature="getITestReults(org.testng.ITestResult)[pri:0, instance:com.SwitchED.TestCases.TC_04_ClassEnrol@5b218417]" name="getITestReults" is-config="true" duration-ms="798" started-at="2020-09-02T16:30:06Z" finished-at="2020-09-02T16:30:07Z">
          <params>
            <param index="0">
              <value>
                <![CDATA[[TestResult name=enrolClass status=FAILURE method=TC_04_ClassEnrol.enrolClass()[pri:7, instance:com.SwitchED.TestCases.TC_04_ClassEnrol@5b218417] output={null}]]]>
              </value>
            </param>
          </params>
          <reporter-output>
          </reporter-output>
        </test-method> <!-- getITestReults -->
      </class> <!-- com.SwitchED.TestCases.TC_04_ClassEnrol -->
    </test> <!-- chromeBrowser -->
  </suite> <!-- Suite -->
</testng-results>
